[2026-01-26T09:29:37.749+0000] {taskinstance.py:1956} INFO - Dependencies all met for dep_context=non-requeueable deps ti=<TaskInstance: trade_validation_pipeline.run_trade_processor manual__2026-01-26T09:27:29.489016+00:00 [queued]>
[2026-01-26T09:29:37.769+0000] {taskinstance.py:1956} INFO - Dependencies all met for dep_context=requeueable deps ti=<TaskInstance: trade_validation_pipeline.run_trade_processor manual__2026-01-26T09:27:29.489016+00:00 [queued]>
[2026-01-26T09:29:37.769+0000] {taskinstance.py:2170} INFO - Starting attempt 2 of 2
[2026-01-26T09:29:37.791+0000] {taskinstance.py:2191} INFO - Executing <Task(BashOperator): run_trade_processor> on 2026-01-26 09:27:29.489016+00:00
[2026-01-26T09:29:37.802+0000] {standard_task_runner.py:60} INFO - Started process 59 to run task
[2026-01-26T09:29:37.807+0000] {standard_task_runner.py:87} INFO - Running: ['***', 'tasks', 'run', 'trade_validation_pipeline', 'run_trade_processor', 'manual__2026-01-26T09:27:29.489016+00:00', '--job-id', '7', '--raw', '--subdir', 'DAGS_FOLDER/trade_etl_dag.py', '--cfg-path', '/tmp/tmpn_bijk8j']
[2026-01-26T09:29:37.809+0000] {standard_task_runner.py:88} INFO - Job 7: Subtask run_trade_processor
[2026-01-26T09:29:37.918+0000] {task_command.py:423} INFO - Running <TaskInstance: trade_validation_pipeline.run_trade_processor manual__2026-01-26T09:27:29.489016+00:00 [running]> on host f35c32e5e8d4
[2026-01-26T09:29:38.015+0000] {taskinstance.py:2480} INFO - Exporting env vars: AIRFLOW_CTX_DAG_EMAIL='your_email@example.com' AIRFLOW_CTX_DAG_OWNER='puneet' AIRFLOW_CTX_DAG_ID='trade_validation_pipeline' AIRFLOW_CTX_TASK_ID='run_trade_processor' AIRFLOW_CTX_EXECUTION_DATE='2026-01-26T09:27:29.489016+00:00' AIRFLOW_CTX_TRY_NUMBER='2' AIRFLOW_CTX_DAG_RUN_ID='manual__2026-01-26T09:27:29.489016+00:00'
[2026-01-26T09:29:38.018+0000] {subprocess.py:63} INFO - Tmp dir root location: /tmp
[2026-01-26T09:29:38.020+0000] {subprocess.py:75} INFO - Running command: ['/usr/bin/bash', '-c', 'python /opt/***/scripts/kafka_consumer.py']
[2026-01-26T09:29:38.043+0000] {subprocess.py:86} INFO - Output:
[2026-01-26T09:29:38.126+0000] {subprocess.py:93} INFO - Traceback (most recent call last):
[2026-01-26T09:29:38.127+0000] {subprocess.py:93} INFO -   File "/opt/***/scripts/kafka_consumer.py", line 2, in <module>
[2026-01-26T09:29:38.136+0000] {subprocess.py:93} INFO -     import duckdb
[2026-01-26T09:29:38.137+0000] {subprocess.py:93} INFO - ModuleNotFoundError: No module named 'duckdb'
[2026-01-26T09:29:38.138+0000] {subprocess.py:97} INFO - Command exited with return code 1
[2026-01-26T09:29:38.154+0000] {taskinstance.py:2698} ERROR - Task failed with exception
Traceback (most recent call last):
  File "/home/airflow/.local/lib/python3.8/site-packages/airflow/models/taskinstance.py", line 433, in _execute_task
    result = execute_callable(context=context, **execute_callable_kwargs)
  File "/home/airflow/.local/lib/python3.8/site-packages/airflow/operators/bash.py", line 212, in execute
    raise AirflowException(
airflow.exceptions.AirflowException: Bash command failed. The command returned a non-zero exit code 1.
[2026-01-26T09:29:38.160+0000] {taskinstance.py:1138} INFO - Marking task as FAILED. dag_id=trade_validation_pipeline, task_id=run_trade_processor, execution_date=20260126T092729, start_date=20260126T092937, end_date=20260126T092938
[2026-01-26T09:29:38.183+0000] {warnings.py:109} WARNING - /home/***/.local/lib/python3.8/site-packages/***/utils/email.py:154: RemovedInAirflow3Warning: Fetching SMTP credentials from configuration variables will be deprecated in a future release. Please set credentials using a connection instead.
  send_mime_email(e_from=mail_from, e_to=recipients, mime_msg=msg, conn_id=conn_id, dryrun=dryrun)

[2026-01-26T09:29:38.184+0000] {configuration.py:1046} WARNING - section/key [smtp/smtp_user] not found in config
[2026-01-26T09:29:38.184+0000] {email.py:270} INFO - Email alerting: attempt 1
[2026-01-26T09:29:38.196+0000] {configuration.py:1046} WARNING - section/key [smtp/smtp_user] not found in config
[2026-01-26T09:29:38.198+0000] {email.py:270} INFO - Email alerting: attempt 1
[2026-01-26T09:29:38.200+0000] {taskinstance.py:826} ERROR - Failed to send email to: ['your_email@example.com']
Traceback (most recent call last):
  File "/home/airflow/.local/lib/python3.8/site-packages/airflow/models/taskinstance.py", line 2334, in _run_raw_task
    self._execute_task_with_callbacks(context, test_mode, session=session)
  File "/home/airflow/.local/lib/python3.8/site-packages/airflow/models/taskinstance.py", line 2499, in _execute_task_with_callbacks
    result = self._execute_task(context, task_orig)
  File "/home/airflow/.local/lib/python3.8/site-packages/airflow/models/taskinstance.py", line 2516, in _execute_task
    return _execute_task(self, context, task_orig)
  File "/home/airflow/.local/lib/python3.8/site-packages/airflow/models/taskinstance.py", line 433, in _execute_task
    result = execute_callable(context=context, **execute_callable_kwargs)
  File "/home/airflow/.local/lib/python3.8/site-packages/airflow/operators/bash.py", line 212, in execute
    raise AirflowException(
airflow.exceptions.AirflowException: Bash command failed. The command returned a non-zero exit code 1.

During handling of the above exception, another exception occurred:

Traceback (most recent call last):
  File "/home/airflow/.local/lib/python3.8/site-packages/airflow/models/taskinstance.py", line 1000, in _email_alert
    send_email(task.email, subject, html_content)
  File "/home/airflow/.local/lib/python3.8/site-packages/airflow/utils/email.py", line 80, in send_email
    return backend(
  File "/home/airflow/.local/lib/python3.8/site-packages/airflow/utils/email.py", line 154, in send_email_smtp
    send_mime_email(e_from=mail_from, e_to=recipients, mime_msg=msg, conn_id=conn_id, dryrun=dryrun)
  File "/home/airflow/.local/lib/python3.8/site-packages/airflow/utils/email.py", line 272, in send_mime_email
    smtp_conn = _get_smtp_connection(smtp_host, smtp_port, smtp_timeout, smtp_ssl)
  File "/home/airflow/.local/lib/python3.8/site-packages/airflow/utils/email.py", line 316, in _get_smtp_connection
    return smtplib.SMTP(host=host, port=port, timeout=timeout)
  File "/usr/local/lib/python3.8/smtplib.py", line 255, in __init__
    (code, msg) = self.connect(host, port)
  File "/usr/local/lib/python3.8/smtplib.py", line 339, in connect
    self.sock = self._get_socket(host, port, self.timeout)
  File "/usr/local/lib/python3.8/smtplib.py", line 310, in _get_socket
    return socket.create_connection((host, port), timeout,
  File "/usr/local/lib/python3.8/socket.py", line 808, in create_connection
    raise err
  File "/usr/local/lib/python3.8/socket.py", line 796, in create_connection
    sock.connect(sa)
ConnectionRefusedError: [Errno 111] Connection refused

During handling of the above exception, another exception occurred:

Traceback (most recent call last):
  File "/home/airflow/.local/lib/python3.8/site-packages/airflow/models/taskinstance.py", line 824, in _handle_failure
    task_instance.email_alert(error, failure_context["task"])
  File "/home/airflow/.local/lib/python3.8/site-packages/airflow/models/taskinstance.py", line 2946, in email_alert
    _email_alert(task_instance=self, exception=exception, task=task)
  File "/home/airflow/.local/lib/python3.8/site-packages/airflow/models/taskinstance.py", line 1002, in _email_alert
    send_email(task.email, subject, html_content_err)
  File "/home/airflow/.local/lib/python3.8/site-packages/airflow/utils/email.py", line 80, in send_email
    return backend(
  File "/home/airflow/.local/lib/python3.8/site-packages/airflow/utils/email.py", line 154, in send_email_smtp
    send_mime_email(e_from=mail_from, e_to=recipients, mime_msg=msg, conn_id=conn_id, dryrun=dryrun)
  File "/home/airflow/.local/lib/python3.8/site-packages/airflow/utils/email.py", line 272, in send_mime_email
    smtp_conn = _get_smtp_connection(smtp_host, smtp_port, smtp_timeout, smtp_ssl)
  File "/home/airflow/.local/lib/python3.8/site-packages/airflow/utils/email.py", line 316, in _get_smtp_connection
    return smtplib.SMTP(host=host, port=port, timeout=timeout)
  File "/usr/local/lib/python3.8/smtplib.py", line 255, in __init__
    (code, msg) = self.connect(host, port)
  File "/usr/local/lib/python3.8/smtplib.py", line 339, in connect
    self.sock = self._get_socket(host, port, self.timeout)
  File "/usr/local/lib/python3.8/smtplib.py", line 310, in _get_socket
    return socket.create_connection((host, port), timeout,
  File "/usr/local/lib/python3.8/socket.py", line 808, in create_connection
    raise err
  File "/usr/local/lib/python3.8/socket.py", line 796, in create_connection
    sock.connect(sa)
ConnectionRefusedError: [Errno 111] Connection refused
[2026-01-26T09:29:38.219+0000] {standard_task_runner.py:107} ERROR - Failed to execute job 7 for task run_trade_processor (Bash command failed. The command returned a non-zero exit code 1.; 59)
[2026-01-26T09:29:38.263+0000] {local_task_job_runner.py:234} INFO - Task exited with return code 1
[2026-01-26T09:29:38.285+0000] {taskinstance.py:3280} INFO - 0 downstream tasks scheduled from follow-on schedule check
