[2026-01-26T18:08:44.308+0000] {taskinstance.py:1956} INFO - Dependencies all met for dep_context=non-requeueable deps ti=<TaskInstance: trade_validation_pipeline.wait_for_topic manual__2026-01-26T18:08:07.036758+00:00 [queued]>
[2026-01-26T18:08:44.318+0000] {taskinstance.py:1956} INFO - Dependencies all met for dep_context=requeueable deps ti=<TaskInstance: trade_validation_pipeline.wait_for_topic manual__2026-01-26T18:08:07.036758+00:00 [queued]>
[2026-01-26T18:08:44.319+0000] {taskinstance.py:2170} INFO - Starting attempt 4 of 4
[2026-01-26T18:08:44.335+0000] {taskinstance.py:2191} INFO - Executing <Task(PythonOperator): wait_for_topic> on 2026-01-26 18:08:07.036758+00:00
[2026-01-26T18:08:44.342+0000] {standard_task_runner.py:60} INFO - Started process 60 to run task
[2026-01-26T18:08:44.347+0000] {standard_task_runner.py:87} INFO - Running: ['***', 'tasks', 'run', 'trade_validation_pipeline', 'wait_for_topic', 'manual__2026-01-26T18:08:07.036758+00:00', '--job-id', '113', '--raw', '--subdir', 'DAGS_FOLDER/trade_etl_dag.py', '--cfg-path', '/tmp/tmp2xg_1oi_']
[2026-01-26T18:08:44.349+0000] {standard_task_runner.py:88} INFO - Job 113: Subtask wait_for_topic
[2026-01-26T18:08:44.518+0000] {task_command.py:423} INFO - Running <TaskInstance: trade_validation_pipeline.wait_for_topic manual__2026-01-26T18:08:07.036758+00:00 [running]> on host 807ecb0a3a53
[2026-01-26T18:08:44.722+0000] {taskinstance.py:2480} INFO - Exporting env vars: AIRFLOW_CTX_DAG_EMAIL='your_email@example.com' AIRFLOW_CTX_DAG_OWNER='puneet' AIRFLOW_CTX_DAG_ID='trade_validation_pipeline' AIRFLOW_CTX_TASK_ID='wait_for_topic' AIRFLOW_CTX_EXECUTION_DATE='2026-01-26T18:08:07.036758+00:00' AIRFLOW_CTX_TRY_NUMBER='4' AIRFLOW_CTX_DAG_RUN_ID='manual__2026-01-26T18:08:07.036758+00:00'
[2026-01-26T18:08:44.725+0000] {taskinstance.py:2698} ERROR - Task failed with exception
Traceback (most recent call last):
  File "/home/airflow/.local/lib/python3.10/site-packages/airflow/models/taskinstance.py", line 433, in _execute_task
    result = execute_callable(context=context, **execute_callable_kwargs)
  File "/home/airflow/.local/lib/python3.10/site-packages/airflow/operators/python.py", line 199, in execute
    return_value = self.execute_callable()
  File "/home/airflow/.local/lib/python3.10/site-packages/airflow/operators/python.py", line 216, in execute_callable
    return self.python_callable(*self.op_args, **self.op_kwargs)
TypeError: wait_for_topic() missing 2 required positional arguments: 'topic' and 'bootstrap_servers'
[2026-01-26T18:08:44.734+0000] {taskinstance.py:1138} INFO - Marking task as FAILED. dag_id=trade_validation_pipeline, task_id=wait_for_topic, execution_date=20260126T180807, start_date=20260126T180844, end_date=20260126T180844
[2026-01-26T18:08:44.755+0000] {standard_task_runner.py:107} ERROR - Failed to execute job 113 for task wait_for_topic (wait_for_topic() missing 2 required positional arguments: 'topic' and 'bootstrap_servers'; 60)
[2026-01-26T18:08:44.805+0000] {local_task_job_runner.py:234} INFO - Task exited with return code 1
[2026-01-26T18:08:44.834+0000] {taskinstance.py:3280} INFO - 0 downstream tasks scheduled from follow-on schedule check
