[2026-01-28T16:20:57.483+0000] {taskinstance.py:1956} INFO - Dependencies all met for dep_context=non-requeueable deps ti=<TaskInstance: trade_validation_pipeline.run_trade_consumer manual__2026-01-28T16:20:08.635890+00:00 [queued]>
[2026-01-28T16:20:57.493+0000] {taskinstance.py:1956} INFO - Dependencies all met for dep_context=requeueable deps ti=<TaskInstance: trade_validation_pipeline.run_trade_consumer manual__2026-01-28T16:20:08.635890+00:00 [queued]>
[2026-01-28T16:20:57.494+0000] {taskinstance.py:2170} INFO - Starting attempt 4 of 4
[2026-01-28T16:20:57.511+0000] {taskinstance.py:2191} INFO - Executing <Task(PythonOperator): run_trade_consumer> on 2026-01-28 16:20:08.635890+00:00
[2026-01-28T16:20:57.521+0000] {standard_task_runner.py:60} INFO - Started process 130 to run task
[2026-01-28T16:20:57.525+0000] {standard_task_runner.py:87} INFO - Running: ['***', 'tasks', 'run', 'trade_validation_pipeline', 'run_trade_consumer', 'manual__2026-01-28T16:20:08.635890+00:00', '--job-id', '19', '--raw', '--subdir', 'DAGS_FOLDER/trade_etl_dag.py', '--cfg-path', '/tmp/tmprb1z6tu1']
[2026-01-28T16:20:57.527+0000] {standard_task_runner.py:88} INFO - Job 19: Subtask run_trade_consumer
[2026-01-28T16:20:57.648+0000] {task_command.py:423} INFO - Running <TaskInstance: trade_validation_pipeline.run_trade_consumer manual__2026-01-28T16:20:08.635890+00:00 [running]> on host 0e87e2975bbb
[2026-01-28T16:20:57.739+0000] {taskinstance.py:2480} INFO - Exporting env vars: AIRFLOW_CTX_DAG_EMAIL='puneet.jaiswal@gmail.com' AIRFLOW_CTX_DAG_OWNER='puneet' AIRFLOW_CTX_DAG_ID='trade_validation_pipeline' AIRFLOW_CTX_TASK_ID='run_trade_consumer' AIRFLOW_CTX_EXECUTION_DATE='2026-01-28T16:20:08.635890+00:00' AIRFLOW_CTX_TRY_NUMBER='4' AIRFLOW_CTX_DAG_RUN_ID='manual__2026-01-28T16:20:08.635890+00:00'
[2026-01-28T16:20:57.744+0000] {conn.py:400} INFO - <BrokerConnection client_id=kafka-python-2.3.0, node_id=bootstrap-0 host=kafka:9092 <connecting> [IPv4 ('172.19.0.6', 9092)]>: connecting to kafka:9092 [('172.19.0.6', 9092) IPv4]
[2026-01-28T16:20:57.751+0000] {conn.py:622} INFO - <BrokerConnection client_id=kafka-python-2.3.0, node_id=bootstrap-0 host=kafka:9092 <checking_api_versions_recv> [IPv4 ('172.19.0.6', 9092)]>: Broker version identified as 2.6
[2026-01-28T16:20:57.752+0000] {conn.py:461} INFO - <BrokerConnection client_id=kafka-python-2.3.0, node_id=bootstrap-0 host=kafka:9092 <connected> [IPv4 ('172.19.0.6', 9092)]>: Connection complete.
[2026-01-28T16:20:57.755+0000] {subscription_state.py:181} INFO - Updating subscribed topics to: ('trade-events',)
[2026-01-28T16:20:57.756+0000] {kafka_consumer.py:170} INFO - Kafka Consumer started. Waiting for messages...
[2026-01-28T16:20:57.761+0000] {conn.py:400} INFO - <BrokerConnection client_id=kafka-python-2.3.0, node_id=1 host=kafka:9092 <connecting> [IPv4 ('172.19.0.6', 9092)]>: connecting to kafka:9092 [('172.19.0.6', 9092) IPv4]
[2026-01-28T16:20:57.762+0000] {conn.py:461} INFO - <BrokerConnection client_id=kafka-python-2.3.0, node_id=1 host=kafka:9092 <connected> [IPv4 ('172.19.0.6', 9092)]>: Connection complete.
[2026-01-28T16:20:57.764+0000] {conn.py:951} INFO - <BrokerConnection client_id=kafka-python-2.3.0, node_id=bootstrap-0 host=kafka:9092 <connected> [IPv4 ('172.19.0.6', 9092)]>: Closing connection. 
[2026-01-28T16:20:57.869+0000] {cluster.py:403} INFO - Coordinator for group/trade-debug-consumer-2 is ('coordinator-1', 'kafka', 9092, None)
[2026-01-28T16:20:57.870+0000] {base.py:835} INFO - Discovered coordinator coordinator-1 for group trade-debug-consumer-2
[2026-01-28T16:20:57.871+0000] {base.py:895} INFO - Starting new heartbeat thread
[2026-01-28T16:20:57.872+0000] {consumer.py:379} INFO - Revoking previously assigned partitions () for group trade-debug-consumer-2
[2026-01-28T16:20:57.873+0000] {base.py:433} INFO - Failed to join group trade-debug-consumer-2: NodeNotReadyError: coordinator-1
[2026-01-28T16:20:57.875+0000] {conn.py:400} INFO - <BrokerConnection client_id=kafka-python-2.3.0, node_id=coordinator-1 host=kafka:9092 <connecting> [IPv4 ('172.19.0.6', 9092)]>: connecting to kafka:9092 [('172.19.0.6', 9092) IPv4]
[2026-01-28T16:20:57.876+0000] {conn.py:461} INFO - <BrokerConnection client_id=kafka-python-2.3.0, node_id=coordinator-1 host=kafka:9092 <connected> [IPv4 ('172.19.0.6', 9092)]>: Connection complete.
[2026-01-28T16:20:57.977+0000] {base.py:546} INFO - (Re-)joining group trade-debug-consumer-2
[2026-01-28T16:20:57.984+0000] {base.py:661} INFO - Received member id kafka-python-2.3.0-e821e274-db48-46f5-897f-f45e6627b384 for group trade-debug-consumer-2; will retry join-group
[2026-01-28T16:20:57.984+0000] {base.py:433} INFO - Failed to join group trade-debug-consumer-2: [Error 79] MemberIdRequiredError
[2026-01-28T16:20:57.985+0000] {base.py:546} INFO - (Re-)joining group trade-debug-consumer-2
[2026-01-28T16:21:00.999+0000] {base.py:617} INFO - Successfully joined group trade-debug-consumer-2 <Generation 17 (member_id: kafka-python-2.3.0-e821e274-db48-46f5-897f-f45e6627b384, protocol: range)>
[2026-01-28T16:21:01.002+0000] {base.py:619} INFO - Elected group leader -- performing partition assignments using range
[2026-01-28T16:21:01.037+0000] {subscription_state.py:254} INFO - Updated partition assignment: [('trade-events', 0)]
[2026-01-28T16:21:01.039+0000] {consumer.py:260} INFO - Setting newly assigned partitions (('trade-events', 0),) for group trade-debug-consumer-2
[2026-01-28T16:21:01.070+0000] {logging_mixin.py:188} INFO - Received message: {'trade_id': 'T34196', 'instrument': 'BOND', 'version': 2, 'trade_date': '2026-01-28', 'maturity_date': '2026-02-24', 'price': 102.64, 'quantity': 1897, 'counterparty': 'CITI'}
[2026-01-28T16:21:01.103+0000] {logging_mixin.py:188} INFO - Processing failed, not committing offset: IO Error: Could not set lock on file "/opt/***/duckdb/trades.db": Conflicting lock is held in PID 0. See also https://duckdb.org/docs/stable/connect/concurrency
[2026-01-28T16:21:01.104+0000] {kafka_consumer.py:201} ERROR - Processing failed, not committing offset
Traceback (most recent call last):
  File "/opt/airflow/scripts/kafka_consumer.py", line 188, in run_trade_consumer
    con = get_connection()
  File "/opt/airflow/scripts/kafka_consumer.py", line 26, in get_connection
    return duckdb.connect(db_path)
_duckdb.IOException: IO Error: Could not set lock on file "/opt/***/duckdb/trades.db": Conflicting lock is held in PID 0. See also https://duckdb.org/docs/stable/connect/concurrency
[2026-01-28T16:21:01.109+0000] {base.py:1130} INFO - Stopping heartbeat thread
[2026-01-28T16:21:01.110+0000] {base.py:943} INFO - Leaving consumer group trade-debug-consumer-2 (member kafka-python-2.3.0-e821e274-db48-46f5-897f-f45e6627b384).
[2026-01-28T16:21:01.119+0000] {base.py:961} INFO - LeaveGroup request for group trade-debug-consumer-2 returned successfully
[2026-01-28T16:21:01.120+0000] {conn.py:951} INFO - <BrokerConnection client_id=kafka-python-2.3.0, node_id=1 host=kafka:9092 <connected> [IPv4 ('172.19.0.6', 9092)]>: Closing connection. 
[2026-01-28T16:21:01.121+0000] {conn.py:951} INFO - <BrokerConnection client_id=kafka-python-2.3.0, node_id=coordinator-1 host=kafka:9092 <connected> [IPv4 ('172.19.0.6', 9092)]>: Closing connection. 
[2026-01-28T16:21:01.123+0000] {taskinstance.py:2698} ERROR - Task failed with exception
Traceback (most recent call last):
  File "/home/airflow/.local/lib/python3.10/site-packages/airflow/models/taskinstance.py", line 433, in _execute_task
    result = execute_callable(context=context, **execute_callable_kwargs)
  File "/home/airflow/.local/lib/python3.10/site-packages/airflow/operators/python.py", line 199, in execute
    return_value = self.execute_callable()
  File "/home/airflow/.local/lib/python3.10/site-packages/airflow/operators/python.py", line 216, in execute_callable
    return self.python_callable(*self.op_args, **self.op_kwargs)
  File "/opt/airflow/scripts/kafka_consumer.py", line 205, in run_trade_consumer
    con.close()
UnboundLocalError: local variable 'con' referenced before assignment
[2026-01-28T16:21:01.138+0000] {taskinstance.py:1138} INFO - Marking task as FAILED. dag_id=trade_validation_pipeline, task_id=run_trade_consumer, execution_date=20260128T162008, start_date=20260128T162057, end_date=20260128T162101
[2026-01-28T16:21:01.397+0000] {warnings.py:109} WARNING - /home/***/.local/lib/python3.10/site-packages/***/utils/email.py:154: RemovedInAirflow3Warning: Fetching SMTP credentials from configuration variables will be deprecated in a future release. Please set credentials using a connection instead.
  send_mime_email(e_from=mail_from, e_to=recipients, mime_msg=msg, conn_id=conn_id, dryrun=dryrun)

[2026-01-28T16:21:01.399+0000] {configuration.py:1046} WARNING - section/key [smtp/smtp_user] not found in config
[2026-01-28T16:21:01.400+0000] {email.py:270} INFO - Email alerting: attempt 1
[2026-01-28T16:21:01.410+0000] {configuration.py:1046} WARNING - section/key [smtp/smtp_user] not found in config
[2026-01-28T16:21:01.411+0000] {email.py:270} INFO - Email alerting: attempt 1
[2026-01-28T16:21:01.413+0000] {taskinstance.py:826} ERROR - Failed to send email to: ['puneet.jaiswal@gmail.com']
Traceback (most recent call last):
  File "/home/airflow/.local/lib/python3.10/site-packages/airflow/models/taskinstance.py", line 2334, in _run_raw_task
    self._execute_task_with_callbacks(context, test_mode, session=session)
  File "/home/airflow/.local/lib/python3.10/site-packages/airflow/models/taskinstance.py", line 2499, in _execute_task_with_callbacks
    result = self._execute_task(context, task_orig)
  File "/home/airflow/.local/lib/python3.10/site-packages/airflow/models/taskinstance.py", line 2516, in _execute_task
    return _execute_task(self, context, task_orig)
  File "/home/airflow/.local/lib/python3.10/site-packages/airflow/models/taskinstance.py", line 433, in _execute_task
    result = execute_callable(context=context, **execute_callable_kwargs)
  File "/home/airflow/.local/lib/python3.10/site-packages/airflow/operators/python.py", line 199, in execute
    return_value = self.execute_callable()
  File "/home/airflow/.local/lib/python3.10/site-packages/airflow/operators/python.py", line 216, in execute_callable
    return self.python_callable(*self.op_args, **self.op_kwargs)
  File "/opt/airflow/scripts/kafka_consumer.py", line 205, in run_trade_consumer
    con.close()
UnboundLocalError: local variable 'con' referenced before assignment

During handling of the above exception, another exception occurred:

Traceback (most recent call last):
  File "/home/airflow/.local/lib/python3.10/site-packages/airflow/models/taskinstance.py", line 1000, in _email_alert
    send_email(task.email, subject, html_content)
  File "/home/airflow/.local/lib/python3.10/site-packages/airflow/utils/email.py", line 80, in send_email
    return backend(
  File "/home/airflow/.local/lib/python3.10/site-packages/airflow/utils/email.py", line 154, in send_email_smtp
    send_mime_email(e_from=mail_from, e_to=recipients, mime_msg=msg, conn_id=conn_id, dryrun=dryrun)
  File "/home/airflow/.local/lib/python3.10/site-packages/airflow/utils/email.py", line 272, in send_mime_email
    smtp_conn = _get_smtp_connection(smtp_host, smtp_port, smtp_timeout, smtp_ssl)
  File "/home/airflow/.local/lib/python3.10/site-packages/airflow/utils/email.py", line 316, in _get_smtp_connection
    return smtplib.SMTP(host=host, port=port, timeout=timeout)
  File "/usr/local/lib/python3.10/smtplib.py", line 255, in __init__
    (code, msg) = self.connect(host, port)
  File "/usr/local/lib/python3.10/smtplib.py", line 341, in connect
    self.sock = self._get_socket(host, port, self.timeout)
  File "/usr/local/lib/python3.10/smtplib.py", line 312, in _get_socket
    return socket.create_connection((host, port), timeout,
  File "/usr/local/lib/python3.10/socket.py", line 845, in create_connection
    raise err
  File "/usr/local/lib/python3.10/socket.py", line 833, in create_connection
    sock.connect(sa)
ConnectionRefusedError: [Errno 111] Connection refused

During handling of the above exception, another exception occurred:

Traceback (most recent call last):
  File "/home/airflow/.local/lib/python3.10/site-packages/airflow/models/taskinstance.py", line 824, in _handle_failure
    task_instance.email_alert(error, failure_context["task"])
  File "/home/airflow/.local/lib/python3.10/site-packages/airflow/models/taskinstance.py", line 2946, in email_alert
    _email_alert(task_instance=self, exception=exception, task=task)
  File "/home/airflow/.local/lib/python3.10/site-packages/airflow/models/taskinstance.py", line 1002, in _email_alert
    send_email(task.email, subject, html_content_err)
  File "/home/airflow/.local/lib/python3.10/site-packages/airflow/utils/email.py", line 80, in send_email
    return backend(
  File "/home/airflow/.local/lib/python3.10/site-packages/airflow/utils/email.py", line 154, in send_email_smtp
    send_mime_email(e_from=mail_from, e_to=recipients, mime_msg=msg, conn_id=conn_id, dryrun=dryrun)
  File "/home/airflow/.local/lib/python3.10/site-packages/airflow/utils/email.py", line 272, in send_mime_email
    smtp_conn = _get_smtp_connection(smtp_host, smtp_port, smtp_timeout, smtp_ssl)
  File "/home/airflow/.local/lib/python3.10/site-packages/airflow/utils/email.py", line 316, in _get_smtp_connection
    return smtplib.SMTP(host=host, port=port, timeout=timeout)
  File "/usr/local/lib/python3.10/smtplib.py", line 255, in __init__
    (code, msg) = self.connect(host, port)
  File "/usr/local/lib/python3.10/smtplib.py", line 341, in connect
    self.sock = self._get_socket(host, port, self.timeout)
  File "/usr/local/lib/python3.10/smtplib.py", line 312, in _get_socket
    return socket.create_connection((host, port), timeout,
  File "/usr/local/lib/python3.10/socket.py", line 845, in create_connection
    raise err
  File "/usr/local/lib/python3.10/socket.py", line 833, in create_connection
    sock.connect(sa)
ConnectionRefusedError: [Errno 111] Connection refused
[2026-01-28T16:21:01.417+0000] {logging_mixin.py:188} INFO - Attempting to send FAILURE email for task: run_trade_consumer
[2026-01-28T16:21:01.418+0000] {logging_mixin.py:188} INFO - Attempting to send email to: puneet.jaiswal@gmail.com
[2026-01-28T16:21:01.426+0000] {configuration.py:1046} WARNING - section/key [smtp/smtp_user] not found in config
[2026-01-28T16:21:01.427+0000] {email.py:270} INFO - Email alerting: attempt 1
[2026-01-28T16:21:01.429+0000] {logging_mixin.py:188} INFO - Failed to send email to puneet.jaiswal@gmail.com: [Errno 111] Connection refused
[2026-01-28T16:21:01.446+0000] {standard_task_runner.py:107} ERROR - Failed to execute job 19 for task run_trade_consumer (local variable 'con' referenced before assignment; 130)
[2026-01-28T16:21:01.497+0000] {local_task_job_runner.py:234} INFO - Task exited with return code 1
[2026-01-28T16:21:01.519+0000] {taskinstance.py:3280} INFO - 0 downstream tasks scheduled from follow-on schedule check
