[2026-01-27T15:48:45.980+0000] {taskinstance.py:1956} INFO - Dependencies all met for dep_context=non-requeueable deps ti=<TaskInstance: trade_validation_pipeline.run_trade_processor scheduled__2026-01-26T00:00:00+00:00 [queued]>
[2026-01-27T15:48:46.022+0000] {taskinstance.py:1956} INFO - Dependencies all met for dep_context=requeueable deps ti=<TaskInstance: trade_validation_pipeline.run_trade_processor scheduled__2026-01-26T00:00:00+00:00 [queued]>
[2026-01-27T15:48:46.023+0000] {taskinstance.py:2170} INFO - Starting attempt 2 of 4
[2026-01-27T15:48:46.061+0000] {taskinstance.py:2191} INFO - Executing <Task(PythonOperator): run_trade_processor> on 2026-01-26 00:00:00+00:00
[2026-01-27T15:48:46.078+0000] {standard_task_runner.py:60} INFO - Started process 119 to run task
[2026-01-27T15:48:46.133+0000] {standard_task_runner.py:87} INFO - Running: ['***', 'tasks', 'run', 'trade_validation_pipeline', 'run_trade_processor', 'scheduled__2026-01-26T00:00:00+00:00', '--job-id', '132', '--raw', '--subdir', 'DAGS_FOLDER/trade_etl_dag.py', '--cfg-path', '/tmp/tmpprgyqzt8']
[2026-01-27T15:48:46.144+0000] {standard_task_runner.py:88} INFO - Job 132: Subtask run_trade_processor
[2026-01-27T15:48:46.419+0000] {task_command.py:423} INFO - Running <TaskInstance: trade_validation_pipeline.run_trade_processor scheduled__2026-01-26T00:00:00+00:00 [running]> on host 807ecb0a3a53
[2026-01-27T15:48:46.653+0000] {taskinstance.py:2480} INFO - Exporting env vars: AIRFLOW_CTX_DAG_EMAIL='your_email@example.com' AIRFLOW_CTX_DAG_OWNER='puneet' AIRFLOW_CTX_DAG_ID='trade_validation_pipeline' AIRFLOW_CTX_TASK_ID='run_trade_processor' AIRFLOW_CTX_EXECUTION_DATE='2026-01-26T00:00:00+00:00' AIRFLOW_CTX_TRY_NUMBER='2' AIRFLOW_CTX_DAG_RUN_ID='scheduled__2026-01-26T00:00:00+00:00'
[2026-01-27T15:48:46.696+0000] {conn.py:400} INFO - <BrokerConnection client_id=kafka-python-2.3.0, node_id=bootstrap-0 host=kafka:9092 <connecting> [IPv4 ('172.19.0.5', 9092)]>: connecting to kafka:9092 [('172.19.0.5', 9092) IPv4]
[2026-01-27T15:48:46.745+0000] {conn.py:622} INFO - <BrokerConnection client_id=kafka-python-2.3.0, node_id=bootstrap-0 host=kafka:9092 <checking_api_versions_recv> [IPv4 ('172.19.0.5', 9092)]>: Broker version identified as 2.6
[2026-01-27T15:48:46.757+0000] {conn.py:461} INFO - <BrokerConnection client_id=kafka-python-2.3.0, node_id=bootstrap-0 host=kafka:9092 <connected> [IPv4 ('172.19.0.5', 9092)]>: Connection complete.
[2026-01-27T15:48:46.779+0000] {subscription_state.py:181} INFO - Updating subscribed topics to: ('trade-events',)
[2026-01-27T15:48:46.791+0000] {logging_mixin.py:188} INFO - ðŸŸ¢ Kafka Consumer started. Waiting for messages...
[2026-01-27T15:48:46.802+0000] {conn.py:400} INFO - <BrokerConnection client_id=kafka-python-2.3.0, node_id=1 host=kafka:9092 <connecting> [IPv4 ('172.19.0.5', 9092)]>: connecting to kafka:9092 [('172.19.0.5', 9092) IPv4]
[2026-01-27T15:48:46.811+0000] {conn.py:461} INFO - <BrokerConnection client_id=kafka-python-2.3.0, node_id=1 host=kafka:9092 <connected> [IPv4 ('172.19.0.5', 9092)]>: Connection complete.
[2026-01-27T15:48:46.836+0000] {conn.py:951} INFO - <BrokerConnection client_id=kafka-python-2.3.0, node_id=bootstrap-0 host=kafka:9092 <connected> [IPv4 ('172.19.0.5', 9092)]>: Closing connection. 
[2026-01-27T15:48:46.948+0000] {cluster.py:403} INFO - Coordinator for group/trade-debug-consumer-2 is ('coordinator-1', 'kafka', 9092, None)
[2026-01-27T15:48:46.949+0000] {base.py:835} INFO - Discovered coordinator coordinator-1 for group trade-debug-consumer-2
[2026-01-27T15:48:46.950+0000] {base.py:895} INFO - Starting new heartbeat thread
[2026-01-27T15:48:46.956+0000] {consumer.py:379} INFO - Revoking previously assigned partitions () for group trade-debug-consumer-2
[2026-01-27T15:48:46.957+0000] {base.py:433} INFO - Failed to join group trade-debug-consumer-2: NodeNotReadyError: coordinator-1
[2026-01-27T15:48:46.960+0000] {conn.py:400} INFO - <BrokerConnection client_id=kafka-python-2.3.0, node_id=coordinator-1 host=kafka:9092 <connecting> [IPv4 ('172.19.0.5', 9092)]>: connecting to kafka:9092 [('172.19.0.5', 9092) IPv4]
[2026-01-27T15:48:46.962+0000] {conn.py:461} INFO - <BrokerConnection client_id=kafka-python-2.3.0, node_id=coordinator-1 host=kafka:9092 <connected> [IPv4 ('172.19.0.5', 9092)]>: Connection complete.
[2026-01-27T15:48:47.063+0000] {base.py:546} INFO - (Re-)joining group trade-debug-consumer-2
[2026-01-27T15:48:47.072+0000] {base.py:661} INFO - Received member id kafka-python-2.3.0-7033a1f9-25c6-48de-b8cf-55a535ab7a17 for group trade-debug-consumer-2; will retry join-group
[2026-01-27T15:48:47.073+0000] {base.py:433} INFO - Failed to join group trade-debug-consumer-2: [Error 79] MemberIdRequiredError
[2026-01-27T15:48:47.074+0000] {base.py:546} INFO - (Re-)joining group trade-debug-consumer-2
[2026-01-27T15:48:48.006+0000] {base.py:617} INFO - Successfully joined group trade-debug-consumer-2 <Generation 20 (member_id: kafka-python-2.3.0-7033a1f9-25c6-48de-b8cf-55a535ab7a17, protocol: range)>
[2026-01-27T15:48:48.016+0000] {subscription_state.py:254} INFO - Updated partition assignment: []
[2026-01-27T15:48:48.018+0000] {consumer.py:260} INFO - Setting newly assigned partitions () for group trade-debug-consumer-2
[2026-01-27T16:49:35.290+0000] {base.py:1209} WARNING - Heartbeat session expired, marking coordinator dead
[2026-01-27T16:49:35.966+0000] {base.py:857} WARNING - Marking the coordinator dead (node coordinator-1) for group trade-debug-consumer-2: Heartbeat session expired.
[2026-01-27T16:49:35.980+0000] {conn.py:1177} ERROR - <BrokerConnection client_id=kafka-python-2.3.0, node_id=coordinator-1 host=kafka:9092 <connected> [IPv4 ('172.19.0.5', 9092)]>: socket disconnected
[2026-01-27T16:49:36.043+0000] {conn.py:951} ERROR - <BrokerConnection client_id=kafka-python-2.3.0, node_id=coordinator-1 host=kafka:9092 <connected> [IPv4 ('172.19.0.5', 9092)]>: Closing connection. KafkaConnectionError: socket disconnected
[2026-01-27T16:49:36.136+0000] {client_async.py:388} WARNING - Node coordinator-1 connection failed -- refreshing metadata
[2026-01-27T16:49:36.153+0000] {base.py:592} ERROR - Error sending HeartbeatRequest_v3 to node coordinator-1 [KafkaConnectionError: socket disconnected]
[2026-01-27T16:49:36.158+0000] {conn.py:951} ERROR - <BrokerConnection client_id=kafka-python-2.3.0, node_id=1 host=kafka:9092 <connected> [IPv4 ('172.19.0.5', 9092)]>: Closing connection. KafkaConnectionError: Socket EVENT_READ without in-flight-requests
[2026-01-27T16:49:36.166+0000] {client_async.py:388} WARNING - Node 1 connection failed -- refreshing metadata
[2026-01-27T16:49:13.795+0000] {job.py:213} ERROR - Job heartbeat got an exception
Traceback (most recent call last):
  File "/home/airflow/.local/lib/python3.10/site-packages/sqlalchemy/engine/base.py", line 3371, in _wrap_pool_connect
    return fn()
  File "/home/airflow/.local/lib/python3.10/site-packages/sqlalchemy/pool/base.py", line 327, in connect
    return _ConnectionFairy._checkout(self)
  File "/home/airflow/.local/lib/python3.10/site-packages/sqlalchemy/pool/base.py", line 894, in _checkout
    fairy = _ConnectionRecord.checkout(pool)
  File "/home/airflow/.local/lib/python3.10/site-packages/sqlalchemy/pool/base.py", line 493, in checkout
    rec = pool._do_get()
  File "/home/airflow/.local/lib/python3.10/site-packages/sqlalchemy/pool/impl.py", line 256, in _do_get
    return self._create_connection()
  File "/home/airflow/.local/lib/python3.10/site-packages/sqlalchemy/pool/base.py", line 273, in _create_connection
    return _ConnectionRecord(self)
  File "/home/airflow/.local/lib/python3.10/site-packages/sqlalchemy/pool/base.py", line 388, in __init__
    self.__connect()
  File "/home/airflow/.local/lib/python3.10/site-packages/sqlalchemy/pool/base.py", line 690, in __connect
    with util.safe_reraise():
  File "/home/airflow/.local/lib/python3.10/site-packages/sqlalchemy/util/langhelpers.py", line 70, in __exit__
    compat.raise_(
  File "/home/airflow/.local/lib/python3.10/site-packages/sqlalchemy/util/compat.py", line 211, in raise_
    raise exception
  File "/home/airflow/.local/lib/python3.10/site-packages/sqlalchemy/pool/base.py", line 686, in __connect
    self.dbapi_connection = connection = pool._invoke_creator(self)
  File "/home/airflow/.local/lib/python3.10/site-packages/sqlalchemy/engine/create.py", line 574, in connect
    return dialect.connect(*cargs, **cparams)
  File "/home/airflow/.local/lib/python3.10/site-packages/sqlalchemy/engine/default.py", line 598, in connect
    return self.dbapi.connect(*cargs, **cparams)
  File "/home/airflow/.local/lib/python3.10/site-packages/psycopg2/__init__.py", line 122, in connect
    conn = _connect(dsn, connection_factory=connection_factory, **kwasync)
psycopg2.OperationalError: could not translate host name "postgres" to address: Temporary failure in name resolution


The above exception was the direct cause of the following exception:

Traceback (most recent call last):
  File "/home/airflow/.local/lib/python3.10/site-packages/airflow/jobs/job.py", line 187, in heartbeat
    self._merge_from(Job._fetch_from_db(self, session))
  File "/home/airflow/.local/lib/python3.10/site-packages/airflow/api_internal/internal_api_call.py", line 114, in wrapper
    return func(*args, **kwargs)
  File "/home/airflow/.local/lib/python3.10/site-packages/airflow/utils/session.py", line 76, in wrapper
    return func(*args, **kwargs)
  File "/home/airflow/.local/lib/python3.10/site-packages/airflow/jobs/job.py", line 308, in _fetch_from_db
    session.merge(job)
  File "/home/airflow/.local/lib/python3.10/site-packages/sqlalchemy/orm/session.py", line 3056, in merge
    return self._merge(
  File "/home/airflow/.local/lib/python3.10/site-packages/sqlalchemy/orm/session.py", line 3136, in _merge
    merged = self.get(
  File "/home/airflow/.local/lib/python3.10/site-packages/sqlalchemy/orm/session.py", line 2853, in get
    return self._get_impl(
  File "/home/airflow/.local/lib/python3.10/site-packages/sqlalchemy/orm/session.py", line 2975, in _get_impl
    return db_load_fn(
  File "/home/airflow/.local/lib/python3.10/site-packages/sqlalchemy/orm/loading.py", line 530, in load_on_pk_identity
    session.execute(
  File "/home/airflow/.local/lib/python3.10/site-packages/sqlalchemy/orm/session.py", line 1716, in execute
    conn = self._connection_for_bind(bind)
  File "/home/airflow/.local/lib/python3.10/site-packages/sqlalchemy/orm/session.py", line 1555, in _connection_for_bind
    return self._transaction._connection_for_bind(
  File "/home/airflow/.local/lib/python3.10/site-packages/sqlalchemy/orm/session.py", line 750, in _connection_for_bind
    conn = bind.connect()
  File "/home/airflow/.local/lib/python3.10/site-packages/sqlalchemy/future/engine.py", line 412, in connect
    return super(Engine, self).connect()
  File "/home/airflow/.local/lib/python3.10/site-packages/sqlalchemy/engine/base.py", line 3325, in connect
    return self._connection_cls(self, close_with_result=close_with_result)
  File "/home/airflow/.local/lib/python3.10/site-packages/sqlalchemy/engine/base.py", line 96, in __init__
    else engine.raw_connection()
  File "/home/airflow/.local/lib/python3.10/site-packages/sqlalchemy/engine/base.py", line 3404, in raw_connection
    return self._wrap_pool_connect(self.pool.connect, _connection)
  File "/home/airflow/.local/lib/python3.10/site-packages/sqlalchemy/engine/base.py", line 3374, in _wrap_pool_connect
    Connection._handle_dbapi_exception_noconnection(
  File "/home/airflow/.local/lib/python3.10/site-packages/sqlalchemy/engine/base.py", line 2208, in _handle_dbapi_exception_noconnection
    util.raise_(
  File "/home/airflow/.local/lib/python3.10/site-packages/sqlalchemy/util/compat.py", line 211, in raise_
    raise exception
  File "/home/airflow/.local/lib/python3.10/site-packages/sqlalchemy/engine/base.py", line 3371, in _wrap_pool_connect
    return fn()
  File "/home/airflow/.local/lib/python3.10/site-packages/sqlalchemy/pool/base.py", line 327, in connect
    return _ConnectionFairy._checkout(self)
  File "/home/airflow/.local/lib/python3.10/site-packages/sqlalchemy/pool/base.py", line 894, in _checkout
    fairy = _ConnectionRecord.checkout(pool)
  File "/home/airflow/.local/lib/python3.10/site-packages/sqlalchemy/pool/base.py", line 493, in checkout
    rec = pool._do_get()
  File "/home/airflow/.local/lib/python3.10/site-packages/sqlalchemy/pool/impl.py", line 256, in _do_get
    return self._create_connection()
  File "/home/airflow/.local/lib/python3.10/site-packages/sqlalchemy/pool/base.py", line 273, in _create_connection
    return _ConnectionRecord(self)
  File "/home/airflow/.local/lib/python3.10/site-packages/sqlalchemy/pool/base.py", line 388, in __init__
    self.__connect()
  File "/home/airflow/.local/lib/python3.10/site-packages/sqlalchemy/pool/base.py", line 690, in __connect
    with util.safe_reraise():
  File "/home/airflow/.local/lib/python3.10/site-packages/sqlalchemy/util/langhelpers.py", line 70, in __exit__
    compat.raise_(
  File "/home/airflow/.local/lib/python3.10/site-packages/sqlalchemy/util/compat.py", line 211, in raise_
    raise exception
  File "/home/airflow/.local/lib/python3.10/site-packages/sqlalchemy/pool/base.py", line 686, in __connect
    self.dbapi_connection = connection = pool._invoke_creator(self)
  File "/home/airflow/.local/lib/python3.10/site-packages/sqlalchemy/engine/create.py", line 574, in connect
    return dialect.connect(*cargs, **cparams)
  File "/home/airflow/.local/lib/python3.10/site-packages/sqlalchemy/engine/default.py", line 598, in connect
    return self.dbapi.connect(*cargs, **cparams)
  File "/home/airflow/.local/lib/python3.10/site-packages/psycopg2/__init__.py", line 122, in connect
    conn = _connect(dsn, connection_factory=connection_factory, **kwasync)
sqlalchemy.exc.OperationalError: (psycopg2.OperationalError) could not translate host name "postgres" to address: Temporary failure in name resolution

(Background on this error at: https://sqlalche.me/e/14/e3q8)
[2026-01-27T16:49:36.174+0000] {job.py:221} ERROR - Job heartbeat failed with error. Scheduler is in unhealthy state
[2026-01-27T16:49:36.203+0000] {conn.py:400} INFO - <BrokerConnection client_id=kafka-python-2.3.0, node_id=1 host=kafka:9092 <connecting> [IPv4 ('172.19.0.5', 9092)]>: connecting to kafka:9092 [('172.19.0.5', 9092) IPv4]
[2026-01-27T16:49:36.212+0000] {conn.py:433} ERROR - <BrokerConnection client_id=kafka-python-2.3.0, node_id=1 host=kafka:9092 <connecting> [IPv4 ('172.19.0.5', 9092)]>: Connect attempt returned error 111. Disconnecting.
[2026-01-27T16:49:36.232+0000] {conn.py:951} ERROR - <BrokerConnection client_id=kafka-python-2.3.0, node_id=1 host=kafka:9092 <connecting> [IPv4 ('172.19.0.5', 9092)]>: Closing connection. KafkaConnectionError: 111 ECONNREFUSED
[2026-01-27T16:49:36.239+0000] {client_async.py:388} WARNING - Node 1 connection failed -- refreshing metadata
[2026-01-27T16:49:36.305+0000] {conn.py:400} INFO - <BrokerConnection client_id=kafka-python-2.3.0, node_id=1 host=kafka:9092 <connecting> [IPv4 ('172.19.0.5', 9092)]>: connecting to kafka:9092 [('172.19.0.5', 9092) IPv4]
[2026-01-27T16:49:36.307+0000] {conn.py:433} ERROR - <BrokerConnection client_id=kafka-python-2.3.0, node_id=1 host=kafka:9092 <connecting> [IPv4 ('172.19.0.5', 9092)]>: Connect attempt returned error 111. Disconnecting.
[2026-01-27T16:49:36.309+0000] {conn.py:951} ERROR - <BrokerConnection client_id=kafka-python-2.3.0, node_id=1 host=kafka:9092 <connecting> [IPv4 ('172.19.0.5', 9092)]>: Closing connection. KafkaConnectionError: 111 ECONNREFUSED
[2026-01-27T16:49:36.312+0000] {client_async.py:388} WARNING - Node 1 connection failed -- refreshing metadata
[2026-01-27T16:49:36.521+0000] {conn.py:400} INFO - <BrokerConnection client_id=kafka-python-2.3.0, node_id=1 host=kafka:9092 <connecting> [IPv4 ('172.19.0.5', 9092)]>: connecting to kafka:9092 [('172.19.0.5', 9092) IPv4]
[2026-01-27T16:49:36.540+0000] {conn.py:433} ERROR - <BrokerConnection client_id=kafka-python-2.3.0, node_id=1 host=kafka:9092 <connecting> [IPv4 ('172.19.0.5', 9092)]>: Connect attempt returned error 111. Disconnecting.
[2026-01-27T16:49:36.566+0000] {conn.py:951} ERROR - <BrokerConnection client_id=kafka-python-2.3.0, node_id=1 host=kafka:9092 <connecting> [IPv4 ('172.19.0.5', 9092)]>: Closing connection. KafkaConnectionError: 111 ECONNREFUSED
[2026-01-27T16:49:36.570+0000] {client_async.py:388} WARNING - Node 1 connection failed -- refreshing metadata
[2026-01-27T16:49:36.887+0000] {conn.py:400} INFO - <BrokerConnection client_id=kafka-python-2.3.0, node_id=1 host=kafka:9092 <connecting> [IPv4 ('172.19.0.5', 9092)]>: connecting to kafka:9092 [('172.19.0.5', 9092) IPv4]
[2026-01-27T16:49:36.892+0000] {conn.py:433} ERROR - <BrokerConnection client_id=kafka-python-2.3.0, node_id=1 host=kafka:9092 <connecting> [IPv4 ('172.19.0.5', 9092)]>: Connect attempt returned error 111. Disconnecting.
[2026-01-27T16:49:36.899+0000] {conn.py:951} ERROR - <BrokerConnection client_id=kafka-python-2.3.0, node_id=1 host=kafka:9092 <connecting> [IPv4 ('172.19.0.5', 9092)]>: Closing connection. KafkaConnectionError: 111 ECONNREFUSED
[2026-01-27T16:49:36.923+0000] {client_async.py:388} WARNING - Node 1 connection failed -- refreshing metadata
[2026-01-27T16:49:37.604+0000] {conn.py:400} INFO - <BrokerConnection client_id=kafka-python-2.3.0, node_id=1 host=kafka:9092 <connecting> [IPv4 ('172.19.0.5', 9092)]>: connecting to kafka:9092 [('172.19.0.5', 9092) IPv4]
[2026-01-27T16:49:37.651+0000] {conn.py:433} ERROR - <BrokerConnection client_id=kafka-python-2.3.0, node_id=1 host=kafka:9092 <connecting> [IPv4 ('172.19.0.5', 9092)]>: Connect attempt returned error 111. Disconnecting.
[2026-01-27T16:49:37.667+0000] {conn.py:951} ERROR - <BrokerConnection client_id=kafka-python-2.3.0, node_id=1 host=kafka:9092 <connecting> [IPv4 ('172.19.0.5', 9092)]>: Closing connection. KafkaConnectionError: 111 ECONNREFUSED
[2026-01-27T16:49:37.671+0000] {client_async.py:388} WARNING - Node 1 connection failed -- refreshing metadata
[2026-01-27T16:49:47.233+0000] {conn.py:1530} WARNING - DNS lookup failed for kafka:9092, exception was [Errno -2] Name or service not known. Is your advertised.listeners (called advertised.host.name before Kafka 9) correct and resolvable?
[2026-01-27T16:49:47.235+0000] {conn.py:323} ERROR - <BrokerConnection client_id=kafka-python-2.3.0, node_id=1 host=kafka:9092 <connecting> [IPv4 ('172.19.0.5', 9092)]>: DNS lookup failed for kafka:9092 (0)
[2026-01-27T16:49:47.241+0000] {conn.py:951} ERROR - <BrokerConnection client_id=kafka-python-2.3.0, node_id=1 host=kafka:9092 <connecting> [IPv4 ('172.19.0.5', 9092)]>: Closing connection. KafkaConnectionError: DNS failure
[2026-01-27T16:49:47.243+0000] {client_async.py:388} WARNING - Node 1 connection failed -- refreshing metadata
[2026-01-27T16:49:51.140+0000] {conn.py:1530} WARNING - DNS lookup failed for kafka:9092, exception was [Errno -2] Name or service not known. Is your advertised.listeners (called advertised.host.name before Kafka 9) correct and resolvable?
[2026-01-27T16:49:51.142+0000] {conn.py:323} ERROR - <BrokerConnection client_id=kafka-python-2.3.0, node_id=1 host=kafka:9092 <connecting> [IPv4 ('172.19.0.5', 9092)]>: DNS lookup failed for kafka:9092 (0)
[2026-01-27T16:49:51.144+0000] {conn.py:951} ERROR - <BrokerConnection client_id=kafka-python-2.3.0, node_id=1 host=kafka:9092 <connecting> [IPv4 ('172.19.0.5', 9092)]>: Closing connection. KafkaConnectionError: DNS failure
[2026-01-27T16:49:51.145+0000] {client_async.py:388} WARNING - Node 1 connection failed -- refreshing metadata
[2026-01-27T16:49:56.782+0000] {conn.py:1530} WARNING - DNS lookup failed for kafka:9092, exception was [Errno -2] Name or service not known. Is your advertised.listeners (called advertised.host.name before Kafka 9) correct and resolvable?
[2026-01-27T16:49:56.785+0000] {conn.py:323} ERROR - <BrokerConnection client_id=kafka-python-2.3.0, node_id=1 host=kafka:9092 <connecting> [IPv4 ('172.19.0.5', 9092)]>: DNS lookup failed for kafka:9092 (0)
[2026-01-27T16:49:56.786+0000] {conn.py:951} ERROR - <BrokerConnection client_id=kafka-python-2.3.0, node_id=1 host=kafka:9092 <connecting> [IPv4 ('172.19.0.5', 9092)]>: Closing connection. KafkaConnectionError: DNS failure
[2026-01-27T16:49:56.787+0000] {client_async.py:388} WARNING - Node 1 connection failed -- refreshing metadata
[2026-01-27T16:50:07.511+0000] {conn.py:400} INFO - <BrokerConnection client_id=kafka-python-2.3.0, node_id=1 host=kafka:9092 <connecting> [IPv4 ('172.19.0.5', 9092)]>: connecting to kafka:9092 [('172.19.0.5', 9092) IPv4]
[2026-01-27T16:50:07.520+0000] {conn.py:433} ERROR - <BrokerConnection client_id=kafka-python-2.3.0, node_id=1 host=kafka:9092 <connecting> [IPv4 ('172.19.0.5', 9092)]>: Connect attempt returned error 111. Disconnecting.
[2026-01-27T16:50:07.525+0000] {conn.py:951} ERROR - <BrokerConnection client_id=kafka-python-2.3.0, node_id=1 host=kafka:9092 <connecting> [IPv4 ('172.19.0.5', 9092)]>: Closing connection. KafkaConnectionError: 111 ECONNREFUSED
[2026-01-27T16:50:07.527+0000] {client_async.py:388} WARNING - Node 1 connection failed -- refreshing metadata
[2026-01-27T16:50:33.134+0000] {conn.py:400} INFO - <BrokerConnection client_id=kafka-python-2.3.0, node_id=1 host=kafka:9092 <connecting> [IPv4 ('172.19.0.5', 9092)]>: connecting to kafka:9092 [('172.19.0.5', 9092) IPv4]
[2026-01-27T16:50:33.142+0000] {conn.py:461} INFO - <BrokerConnection client_id=kafka-python-2.3.0, node_id=1 host=kafka:9092 <connected> [IPv4 ('172.19.0.5', 9092)]>: Connection complete.
[2026-01-27T16:50:33.168+0000] {cluster.py:403} INFO - Coordinator for group/trade-debug-consumer-2 is ('coordinator-1', 'kafka', 9092, None)
[2026-01-27T16:50:33.170+0000] {base.py:835} INFO - Discovered coordinator coordinator-1 for group trade-debug-consumer-2
[2026-01-27T16:50:33.176+0000] {conn.py:400} INFO - <BrokerConnection client_id=kafka-python-2.3.0, node_id=coordinator-1 host=kafka:9092 <connecting> [IPv4 ('172.19.0.5', 9092)]>: connecting to kafka:9092 [('172.19.0.5', 9092) IPv4]
[2026-01-27T16:50:33.178+0000] {conn.py:461} INFO - <BrokerConnection client_id=kafka-python-2.3.0, node_id=coordinator-1 host=kafka:9092 <connected> [IPv4 ('172.19.0.5', 9092)]>: Connection complete.
[2026-01-27T16:50:36.181+0000] {base.py:1039} WARNING - Heartbeat: local member_id was not recognized; this consumer needs to re-join
[2026-01-27T16:50:36.187+0000] {consumer.py:379} INFO - Revoking previously assigned partitions () for group trade-debug-consumer-2
[2026-01-27T16:50:36.189+0000] {base.py:546} INFO - (Re-)joining group trade-debug-consumer-2
[2026-01-27T16:50:36.203+0000] {base.py:661} INFO - Received member id kafka-python-2.3.0-65e3564e-aa53-4c64-86df-637b9e957e98 for group trade-debug-consumer-2; will retry join-group
[2026-01-27T16:50:36.204+0000] {base.py:433} INFO - Failed to join group trade-debug-consumer-2: [Error 79] MemberIdRequiredError
[2026-01-27T16:50:36.207+0000] {base.py:546} INFO - (Re-)joining group trade-debug-consumer-2
[2026-01-27T16:50:39.043+0000] {base.py:617} INFO - Successfully joined group trade-debug-consumer-2 <Generation 22 (member_id: kafka-python-2.3.0-65e3564e-aa53-4c64-86df-637b9e957e98, protocol: range)>
[2026-01-27T16:50:39.056+0000] {subscription_state.py:254} INFO - Updated partition assignment: []
[2026-01-27T16:50:39.058+0000] {consumer.py:260} INFO - Setting newly assigned partitions () for group trade-debug-consumer-2
[2026-01-27T16:54:21.313+0000] {job.py:221} ERROR - Job heartbeat failed with error. Scheduler is in unhealthy state
[2026-01-27T16:54:33.441+0000] {base.py:1209} WARNING - Heartbeat session expired, marking coordinator dead
[2026-01-27T16:55:16.186+0000] {base.py:857} WARNING - Marking the coordinator dead (node coordinator-1) for group trade-debug-consumer-2: Heartbeat session expired.
[2026-01-27T16:55:16.617+0000] {cluster.py:403} INFO - Coordinator for group/trade-debug-consumer-2 is ('coordinator-1', 'kafka', 9092, None)
[2026-01-27T16:55:16.634+0000] {base.py:835} INFO - Discovered coordinator coordinator-1 for group trade-debug-consumer-2
[2026-01-27T16:55:19.650+0000] {base.py:1039} WARNING - Heartbeat: local member_id was not recognized; this consumer needs to re-join
[2026-01-27T16:55:19.657+0000] {consumer.py:379} INFO - Revoking previously assigned partitions () for group trade-debug-consumer-2
[2026-01-27T16:55:19.665+0000] {base.py:546} INFO - (Re-)joining group trade-debug-consumer-2
[2026-01-27T16:55:19.693+0000] {base.py:661} INFO - Received member id kafka-python-2.3.0-eb1294f3-9eca-4127-b6ff-b7351b9c48a7 for group trade-debug-consumer-2; will retry join-group
[2026-01-27T16:55:19.697+0000] {base.py:433} INFO - Failed to join group trade-debug-consumer-2: [Error 79] MemberIdRequiredError
[2026-01-27T16:55:19.707+0000] {base.py:546} INFO - (Re-)joining group trade-debug-consumer-2
[2026-01-27T16:55:22.734+0000] {base.py:617} INFO - Successfully joined group trade-debug-consumer-2 <Generation 24 (member_id: kafka-python-2.3.0-eb1294f3-9eca-4127-b6ff-b7351b9c48a7, protocol: range)>
[2026-01-27T16:55:22.735+0000] {base.py:619} INFO - Elected group leader -- performing partition assignments using range
[2026-01-27T16:55:22.924+0000] {subscription_state.py:254} INFO - Updated partition assignment: []
[2026-01-27T16:55:22.951+0000] {consumer.py:260} INFO - Setting newly assigned partitions () for group trade-debug-consumer-2
[2026-01-27T16:56:33.757+0000] {job.py:221} ERROR - Job heartbeat failed with error. Scheduler is in unhealthy state
[2026-01-27T16:56:48.850+0000] {job.py:221} ERROR - Job heartbeat failed with error. Scheduler is in unhealthy state
[2026-01-27T16:56:55.419+0000] {local_task_job_runner.py:121} ERROR - Received SIGTERM. Terminating subprocesses
[2026-01-27T16:56:56.452+0000] {process_utils.py:131} INFO - Sending 15 to group 119. PIDs of all processes in the group: [119]
[2026-01-27T16:56:56.664+0000] {process_utils.py:86} INFO - Sending the signal 15 to group 119
[2026-01-27T16:56:56.778+0000] {taskinstance.py:2450} ERROR - Received SIGTERM. Terminating subprocesses.
