[2026-01-26T11:42:10.146+0000] {taskinstance.py:1956} INFO - Dependencies all met for dep_context=non-requeueable deps ti=<TaskInstance: trade_validation_pipeline.run_trade_processor manual__2026-01-26T11:39:21.472576+00:00 [queued]>
[2026-01-26T11:42:10.325+0000] {taskinstance.py:1956} INFO - Dependencies all met for dep_context=requeueable deps ti=<TaskInstance: trade_validation_pipeline.run_trade_processor manual__2026-01-26T11:39:21.472576+00:00 [queued]>
[2026-01-26T11:42:10.348+0000] {taskinstance.py:2170} INFO - Starting attempt 2 of 2
[2026-01-26T11:42:10.482+0000] {taskinstance.py:2191} INFO - Executing <Task(BashOperator): run_trade_processor> on 2026-01-26 11:39:21.472576+00:00
[2026-01-26T11:42:10.517+0000] {standard_task_runner.py:60} INFO - Started process 54 to run task
[2026-01-26T11:42:10.559+0000] {standard_task_runner.py:87} INFO - Running: ['***', 'tasks', 'run', 'trade_validation_pipeline', 'run_trade_processor', 'manual__2026-01-26T11:39:21.472576+00:00', '--job-id', '29', '--raw', '--subdir', 'DAGS_FOLDER/trade_etl_dag.py', '--cfg-path', '/tmp/tmpumt8tuuf']
[2026-01-26T11:42:10.566+0000] {standard_task_runner.py:88} INFO - Job 29: Subtask run_trade_processor
[2026-01-26T11:42:10.917+0000] {task_command.py:423} INFO - Running <TaskInstance: trade_validation_pipeline.run_trade_processor manual__2026-01-26T11:39:21.472576+00:00 [running]> on host e38a56f5aa99
[2026-01-26T11:42:11.275+0000] {taskinstance.py:2480} INFO - Exporting env vars: AIRFLOW_CTX_DAG_EMAIL='your_email@example.com' AIRFLOW_CTX_DAG_OWNER='puneet' AIRFLOW_CTX_DAG_ID='trade_validation_pipeline' AIRFLOW_CTX_TASK_ID='run_trade_processor' AIRFLOW_CTX_EXECUTION_DATE='2026-01-26T11:39:21.472576+00:00' AIRFLOW_CTX_TRY_NUMBER='2' AIRFLOW_CTX_DAG_RUN_ID='manual__2026-01-26T11:39:21.472576+00:00'
[2026-01-26T11:42:11.349+0000] {subprocess.py:63} INFO - Tmp dir root location: /tmp
[2026-01-26T11:42:11.358+0000] {subprocess.py:75} INFO - Running command: ['/usr/bin/bash', '-c', 'python /opt/***/scripts/kafka_consumer.py']
[2026-01-26T11:42:11.427+0000] {subprocess.py:86} INFO - Output:
[2026-01-26T11:42:11.985+0000] {subprocess.py:93} INFO - Traceback (most recent call last):
[2026-01-26T11:42:12.003+0000] {subprocess.py:93} INFO -   File "/opt/***/scripts/kafka_consumer.py", line 2, in <module>
[2026-01-26T11:42:12.006+0000] {subprocess.py:93} INFO -     import duckdb
[2026-01-26T11:42:12.011+0000] {subprocess.py:93} INFO - ModuleNotFoundError: No module named 'duckdb'
[2026-01-26T11:42:12.022+0000] {subprocess.py:97} INFO - Command exited with return code 1
[2026-01-26T11:42:12.086+0000] {taskinstance.py:2698} ERROR - Task failed with exception
Traceback (most recent call last):
  File "/home/airflow/.local/lib/python3.8/site-packages/airflow/models/taskinstance.py", line 433, in _execute_task
    result = execute_callable(context=context, **execute_callable_kwargs)
  File "/home/airflow/.local/lib/python3.8/site-packages/airflow/operators/bash.py", line 212, in execute
    raise AirflowException(
airflow.exceptions.AirflowException: Bash command failed. The command returned a non-zero exit code 1.
[2026-01-26T11:42:12.102+0000] {taskinstance.py:1138} INFO - Marking task as FAILED. dag_id=trade_validation_pipeline, task_id=run_trade_processor, execution_date=20260126T113921, start_date=20260126T114210, end_date=20260126T114212
[2026-01-26T11:42:12.156+0000] {standard_task_runner.py:107} ERROR - Failed to execute job 29 for task run_trade_processor (Bash command failed. The command returned a non-zero exit code 1.; 54)
[2026-01-26T11:42:12.229+0000] {local_task_job_runner.py:234} INFO - Task exited with return code 1
[2026-01-26T11:42:12.314+0000] {taskinstance.py:3280} INFO - 0 downstream tasks scheduled from follow-on schedule check
