[2026-01-28T17:26:18.469+0000] {taskinstance.py:1956} INFO - Dependencies all met for dep_context=non-requeueable deps ti=<TaskInstance: trade_processing_pipeline.process_trade_file manual__2026-01-28T17:16:11.480578+00:00 [queued]>
[2026-01-28T17:26:18.481+0000] {taskinstance.py:1956} INFO - Dependencies all met for dep_context=requeueable deps ti=<TaskInstance: trade_processing_pipeline.process_trade_file manual__2026-01-28T17:16:11.480578+00:00 [queued]>
[2026-01-28T17:26:18.482+0000] {taskinstance.py:2170} INFO - Starting attempt 4 of 4
[2026-01-28T17:26:18.502+0000] {taskinstance.py:2191} INFO - Executing <Task(PythonOperator): process_trade_file> on 2026-01-28 17:16:11.480578+00:00
[2026-01-28T17:26:18.511+0000] {standard_task_runner.py:60} INFO - Started process 221 to run task
[2026-01-28T17:26:18.517+0000] {standard_task_runner.py:87} INFO - Running: ['***', 'tasks', 'run', 'trade_processing_pipeline', 'process_trade_file', 'manual__2026-01-28T17:16:11.480578+00:00', '--job-id', '37', '--raw', '--subdir', 'DAGS_FOLDER/trade_etl_dag.py', '--cfg-path', '/tmp/tmpaj19jmh3']
[2026-01-28T17:26:18.520+0000] {standard_task_runner.py:88} INFO - Job 37: Subtask process_trade_file
[2026-01-28T17:26:18.605+0000] {task_command.py:423} INFO - Running <TaskInstance: trade_processing_pipeline.process_trade_file manual__2026-01-28T17:16:11.480578+00:00 [running]> on host 0e87e2975bbb
[2026-01-28T17:26:18.695+0000] {taskinstance.py:2480} INFO - Exporting env vars: AIRFLOW_CTX_DAG_EMAIL='puneet.jaiswal@gmail.com' AIRFLOW_CTX_DAG_OWNER='puneet' AIRFLOW_CTX_DAG_ID='trade_processing_pipeline' AIRFLOW_CTX_TASK_ID='process_trade_file' AIRFLOW_CTX_EXECUTION_DATE='2026-01-28T17:16:11.480578+00:00' AIRFLOW_CTX_TRY_NUMBER='4' AIRFLOW_CTX_DAG_RUN_ID='manual__2026-01-28T17:16:11.480578+00:00'
[2026-01-28T17:26:18.697+0000] {taskinstance.py:2698} ERROR - Task failed with exception
Traceback (most recent call last):
  File "/home/airflow/.local/lib/python3.10/site-packages/airflow/models/taskinstance.py", line 433, in _execute_task
    result = execute_callable(context=context, **execute_callable_kwargs)
  File "/home/airflow/.local/lib/python3.10/site-packages/airflow/operators/python.py", line 199, in execute
    return_value = self.execute_callable()
  File "/home/airflow/.local/lib/python3.10/site-packages/airflow/operators/python.py", line 216, in execute_callable
    return self.python_callable(*self.op_args, **self.op_kwargs)
TypeError: process_trade_file() missing 1 required positional argument: 'file_path'
[2026-01-28T17:26:18.712+0000] {taskinstance.py:1138} INFO - Marking task as FAILED. dag_id=trade_processing_pipeline, task_id=process_trade_file, execution_date=20260128T171611, start_date=20260128T172618, end_date=20260128T172618
[2026-01-28T17:26:18.750+0000] {warnings.py:109} WARNING - /home/***/.local/lib/python3.10/site-packages/***/utils/email.py:154: RemovedInAirflow3Warning: Fetching SMTP credentials from configuration variables will be deprecated in a future release. Please set credentials using a connection instead.
  send_mime_email(e_from=mail_from, e_to=recipients, mime_msg=msg, conn_id=conn_id, dryrun=dryrun)

[2026-01-28T17:26:18.752+0000] {configuration.py:1046} WARNING - section/key [smtp/smtp_user] not found in config
[2026-01-28T17:26:18.754+0000] {email.py:270} INFO - Email alerting: attempt 1
[2026-01-28T17:26:18.766+0000] {configuration.py:1046} WARNING - section/key [smtp/smtp_user] not found in config
[2026-01-28T17:26:18.769+0000] {email.py:270} INFO - Email alerting: attempt 1
[2026-01-28T17:26:18.771+0000] {taskinstance.py:826} ERROR - Failed to send email to: ['puneet.jaiswal@gmail.com']
Traceback (most recent call last):
  File "/home/airflow/.local/lib/python3.10/site-packages/airflow/models/taskinstance.py", line 2334, in _run_raw_task
    self._execute_task_with_callbacks(context, test_mode, session=session)
  File "/home/airflow/.local/lib/python3.10/site-packages/airflow/models/taskinstance.py", line 2499, in _execute_task_with_callbacks
    result = self._execute_task(context, task_orig)
  File "/home/airflow/.local/lib/python3.10/site-packages/airflow/models/taskinstance.py", line 2516, in _execute_task
    return _execute_task(self, context, task_orig)
  File "/home/airflow/.local/lib/python3.10/site-packages/airflow/models/taskinstance.py", line 433, in _execute_task
    result = execute_callable(context=context, **execute_callable_kwargs)
  File "/home/airflow/.local/lib/python3.10/site-packages/airflow/operators/python.py", line 199, in execute
    return_value = self.execute_callable()
  File "/home/airflow/.local/lib/python3.10/site-packages/airflow/operators/python.py", line 216, in execute_callable
    return self.python_callable(*self.op_args, **self.op_kwargs)
TypeError: process_trade_file() missing 1 required positional argument: 'file_path'

During handling of the above exception, another exception occurred:

Traceback (most recent call last):
  File "/home/airflow/.local/lib/python3.10/site-packages/airflow/models/taskinstance.py", line 1000, in _email_alert
    send_email(task.email, subject, html_content)
  File "/home/airflow/.local/lib/python3.10/site-packages/airflow/utils/email.py", line 80, in send_email
    return backend(
  File "/home/airflow/.local/lib/python3.10/site-packages/airflow/utils/email.py", line 154, in send_email_smtp
    send_mime_email(e_from=mail_from, e_to=recipients, mime_msg=msg, conn_id=conn_id, dryrun=dryrun)
  File "/home/airflow/.local/lib/python3.10/site-packages/airflow/utils/email.py", line 272, in send_mime_email
    smtp_conn = _get_smtp_connection(smtp_host, smtp_port, smtp_timeout, smtp_ssl)
  File "/home/airflow/.local/lib/python3.10/site-packages/airflow/utils/email.py", line 316, in _get_smtp_connection
    return smtplib.SMTP(host=host, port=port, timeout=timeout)
  File "/usr/local/lib/python3.10/smtplib.py", line 255, in __init__
    (code, msg) = self.connect(host, port)
  File "/usr/local/lib/python3.10/smtplib.py", line 341, in connect
    self.sock = self._get_socket(host, port, self.timeout)
  File "/usr/local/lib/python3.10/smtplib.py", line 312, in _get_socket
    return socket.create_connection((host, port), timeout,
  File "/usr/local/lib/python3.10/socket.py", line 845, in create_connection
    raise err
  File "/usr/local/lib/python3.10/socket.py", line 833, in create_connection
    sock.connect(sa)
ConnectionRefusedError: [Errno 111] Connection refused

During handling of the above exception, another exception occurred:

Traceback (most recent call last):
  File "/home/airflow/.local/lib/python3.10/site-packages/airflow/models/taskinstance.py", line 824, in _handle_failure
    task_instance.email_alert(error, failure_context["task"])
  File "/home/airflow/.local/lib/python3.10/site-packages/airflow/models/taskinstance.py", line 2946, in email_alert
    _email_alert(task_instance=self, exception=exception, task=task)
  File "/home/airflow/.local/lib/python3.10/site-packages/airflow/models/taskinstance.py", line 1002, in _email_alert
    send_email(task.email, subject, html_content_err)
  File "/home/airflow/.local/lib/python3.10/site-packages/airflow/utils/email.py", line 80, in send_email
    return backend(
  File "/home/airflow/.local/lib/python3.10/site-packages/airflow/utils/email.py", line 154, in send_email_smtp
    send_mime_email(e_from=mail_from, e_to=recipients, mime_msg=msg, conn_id=conn_id, dryrun=dryrun)
  File "/home/airflow/.local/lib/python3.10/site-packages/airflow/utils/email.py", line 272, in send_mime_email
    smtp_conn = _get_smtp_connection(smtp_host, smtp_port, smtp_timeout, smtp_ssl)
  File "/home/airflow/.local/lib/python3.10/site-packages/airflow/utils/email.py", line 316, in _get_smtp_connection
    return smtplib.SMTP(host=host, port=port, timeout=timeout)
  File "/usr/local/lib/python3.10/smtplib.py", line 255, in __init__
    (code, msg) = self.connect(host, port)
  File "/usr/local/lib/python3.10/smtplib.py", line 341, in connect
    self.sock = self._get_socket(host, port, self.timeout)
  File "/usr/local/lib/python3.10/smtplib.py", line 312, in _get_socket
    return socket.create_connection((host, port), timeout,
  File "/usr/local/lib/python3.10/socket.py", line 845, in create_connection
    raise err
  File "/usr/local/lib/python3.10/socket.py", line 833, in create_connection
    sock.connect(sa)
ConnectionRefusedError: [Errno 111] Connection refused
[2026-01-28T17:26:18.779+0000] {logging_mixin.py:188} INFO - Attempting to send FAILURE email for task: process_trade_file
[2026-01-28T17:26:18.780+0000] {logging_mixin.py:188} INFO - Attempting to send email to: puneet.jaiswal@gmail.com
[2026-01-28T17:26:18.796+0000] {configuration.py:1046} WARNING - section/key [smtp/smtp_user] not found in config
[2026-01-28T17:26:18.797+0000] {email.py:270} INFO - Email alerting: attempt 1
[2026-01-28T17:26:18.800+0000] {logging_mixin.py:188} INFO - Failed to send email to puneet.jaiswal@gmail.com: [Errno 111] Connection refused
[2026-01-28T17:26:18.826+0000] {standard_task_runner.py:107} ERROR - Failed to execute job 37 for task process_trade_file (process_trade_file() missing 1 required positional argument: 'file_path'; 221)
[2026-01-28T17:26:18.851+0000] {local_task_job_runner.py:234} INFO - Task exited with return code 1
[2026-01-28T17:26:18.876+0000] {taskinstance.py:3280} INFO - 0 downstream tasks scheduled from follow-on schedule check
